Start testing: Jul 02 01:39 CEST
----------------------------------------------------------
1/1 Testing: tickline_version_tests
1/1 Test: tickline_version_tests
Command: "/home/skillu/dev/tickline/build-sanitized/tickline_version_tests"
Directory: /home/skillu/dev/tickline/build-sanitized
"tickline_version_tests" start time: Jul 02 01:39 CEST
Output:
----------------------------------------------------------
<end of output>
Test time =   0.02 sec
----------------------------------------------------------
Test Passed.
"tickline_version_tests" end time: Jul 02 01:39 CEST
"tickline_version_tests" time elapsed: 00:00:00
----------------------------------------------------------

End testing: Jul 02 01:39 CEST
